<?xml version="1.0" encoding="UTF-8"?>
<testsuite name="baseline.Solution45Test" tests="2" skipped="0" failures="0" errors="0" timestamp="2021-10-17T17:47:58" hostname="DESKTOP-BKLQ23J" time="0.02">
  <properties/>
  <testcase name="test_fileWrite()" classname="baseline.Solution45Test" time="0.017"/>
  <testcase name="test_bufferedReader()" classname="baseline.Solution45Test" time="0.002"/>
  <system-out><![CDATA[]]></system-out>
  <system-err><![CDATA[]]></system-err>
</testsuite>
