<?xml version="1.0" encoding="UTF-8"?>
<testsuite name="baseline.Solution41Test" tests="1" skipped="0" failures="0" errors="0" timestamp="2021-10-15T15:25:55" hostname="DESKTOP-BKLQ23J" time="0.025">
  <properties/>
  <testcase name="test_sortAlphabet()" classname="baseline.Solution41Test" time="0.025"/>
  <system-out><![CDATA[]]></system-out>
  <system-err><![CDATA[]]></system-err>
</testsuite>
