<?xml version="1.0" encoding="UTF-8"?>
<testsuite name="baseline.Solution46Test" tests="2" skipped="0" failures="0" errors="0" timestamp="2021-10-17T20:20:22" hostname="DESKTOP-BKLQ23J" time="0.019">
  <properties/>
  <testcase name="test_readInputFile()" classname="baseline.Solution46Test" time="0.017"/>
  <testcase name="test_buildFrequencyMap()" classname="baseline.Solution46Test" time="0.001"/>
  <system-out><![CDATA[]]></system-out>
  <system-err><![CDATA[]]></system-err>
</testsuite>
