<?xml version="1.0" encoding="UTF-8"?>
<testsuite name="baseline.Solution43Test" tests="3" skipped="0" failures="0" errors="0" timestamp="2021-10-17T09:26:28" hostname="DESKTOP-BKLQ23J" time="0.032">
  <properties/>
  <testcase name="test_fileWrite()" classname="baseline.Solution43Test" time="0.027"/>
  <testcase name="test_conditional1()" classname="baseline.Solution43Test" time="0.002"/>
  <testcase name="test_conditional2()" classname="baseline.Solution43Test" time="0.002"/>
  <system-out><![CDATA[]]></system-out>
  <system-err><![CDATA[]]></system-err>
</testsuite>
